<?xml version="1.0" encoding="UTF-8"?>
<!-- Generated by org.testng.reporters.JUnitReportReporter -->
<testsuite hostname="akashd" name="com.LottomaniaWeb.qa.testcases.BetPlacePageForPerm3Test" tests="2" failures="0" timestamp="23 Jun 2021 05:02:41 GMT" time="74.002" errors="0">
  <testcase name="Perm3BetSelection" time="50.479" classname="com.LottomaniaWeb.qa.testcases.BetPlacePageForPerm3Test"/>
  <testcase name="Perm2BetSelection1" time="23.523" classname="com.LottomaniaWeb.qa.testcases.BetPlacePageForPerm3Test"/>
</testsuite> <!-- com.LottomaniaWeb.qa.testcases.BetPlacePageForPerm3Test -->
