<?xml version="1.0" encoding="UTF-8"?>
<!-- Generated by org.testng.reporters.JUnitReportReporter -->
<testsuite hostname="akashd" name="com.LottomaniaWeb.qa.testcases.HomePageTest" tests="1" failures="0" timestamp="28 May 2021 09:22:01 GMT" time="14.442" errors="0">
  <testcase name="selectGameTest" time="14.442" classname="com.LottomaniaWeb.qa.testcases.HomePageTest"/>
</testsuite> <!-- com.LottomaniaWeb.qa.testcases.HomePageTest -->
