<?xml version="1.0" encoding="UTF-8"?>
<!-- Generated by org.testng.reporters.JUnitReportReporter -->
<testsuite hostname="akashd" name="com.LottomaniaWeb.qa.testcases.BetPlacePageForNap4Test" tests="1" failures="0" timestamp="21 Jul 2021 15:42:13 GMT" time="63.655" errors="0">
  <testcase name="Nap4BetSelection" time="63.655" classname="com.LottomaniaWeb.qa.testcases.BetPlacePageForNap4Test"/>
</testsuite> <!-- com.LottomaniaWeb.qa.testcases.BetPlacePageForNap4Test -->
