<?xml version="1.0" encoding="UTF-8"?>
<!-- Generated by org.testng.reporters.JUnitReportReporter -->
<testsuite hostname="akashd" name="com.LottomaniaWeb.qa.testcases.BetPlacePageForNap5Test" tests="1" failures="0" timestamp="23 Jun 2021 05:02:41 GMT" time="31.991" errors="0">
  <testcase name="Nap5BetSelection" time="31.991" classname="com.LottomaniaWeb.qa.testcases.BetPlacePageForNap5Test"/>
</testsuite> <!-- com.LottomaniaWeb.qa.testcases.BetPlacePageForNap5Test -->
