<?xml version="1.0" encoding="UTF-8"?>
<!-- Generated by org.testng.reporters.JUnitReportReporter -->
<testsuite hostname="akashd" name="com.LottomaniaWeb.qa.testcases.BetPlacePageForPermAgainstTest" tests="1" failures="0" timestamp="23 Jun 2021 05:02:41 GMT" time="42.216" errors="0">
  <testcase name="PermAgainstBetSelection" time="42.216" classname="com.LottomaniaWeb.qa.testcases.BetPlacePageForPermAgainstTest"/>
</testsuite> <!-- com.LottomaniaWeb.qa.testcases.BetPlacePageForPermAgainstTest -->
