<?xml version="1.0" encoding="UTF-8"?>
<!-- Generated by org.testng.reporters.JUnitReportReporter -->
<testsuite hostname="akashd" name="com.LottomaniaWeb.qa.testcases.BetPlacePageForBankerAllTest" tests="1" failures="0" timestamp="23 Jun 2021 05:02:41 GMT" time="25.392" errors="0">
  <testcase name="BankerAllBetSelection" time="25.392" classname="com.LottomaniaWeb.qa.testcases.BetPlacePageForBankerAllTest"/>
</testsuite> <!-- com.LottomaniaWeb.qa.testcases.BetPlacePageForBankerAllTest -->
