<?xml version="1.0" encoding="UTF-8"?>
<!-- Generated by org.testng.reporters.JUnitReportReporter -->
<testsuite hostname="akashd" name="com.LottomaniaWeb.qa.testcases.GamePageTest" tests="1" failures="0" timestamp="23 Jun 2021 05:08:21 GMT" time="16.042" errors="0">
  <testcase name="selectBetPlaceTypeTest" time="16.042" classname="com.LottomaniaWeb.qa.testcases.GamePageTest"/>
</testsuite> <!-- com.LottomaniaWeb.qa.testcases.GamePageTest -->
