<?xml version="1.0" encoding="UTF-8"?>
<!-- Generated by org.testng.reporters.JUnitReportReporter -->
<testsuite hostname="akashd" name="com.LottomaniaWeb.qa.testcases.BetPlacePageForPerm4Test" tests="3" failures="0" timestamp="21 Jul 2021 15:42:13 GMT" time="129.823" errors="0">
  <testcase name="Perm4BetSelectionNormal" time="38.673" classname="com.LottomaniaWeb.qa.testcases.BetPlacePageForPerm4Test"/>
  <testcase name="Perm4BetSelectionMachine" time="43.099" classname="com.LottomaniaWeb.qa.testcases.BetPlacePageForPerm4Test"/>
  <testcase name="Perm4BetSelectionDouble" time="48.051" classname="com.LottomaniaWeb.qa.testcases.BetPlacePageForPerm4Test"/>
</testsuite> <!-- com.LottomaniaWeb.qa.testcases.BetPlacePageForPerm4Test -->
