<?xml version="1.0" encoding="UTF-8"?>
<!-- Generated by org.testng.reporters.JUnitReportReporter -->
<testsuite hostname="akashd" name="com.LottomaniaWeb.qa.testcases.LoginPageTest" tests="1" failures="0" timestamp="27 May 2021 07:20:45 GMT" time="12.554" errors="0">
  <testcase name="loginTest" time="12.554" classname="com.LottomaniaWeb.qa.testcases.LoginPageTest"/>
</testsuite> <!-- com.LottomaniaWeb.qa.testcases.LoginPageTest -->
