<?xml version="1.0" encoding="UTF-8"?>
<!-- Generated by org.testng.reporters.JUnitReportReporter -->
<testsuite hostname="akashd" name="com.LottomaniaWeb.qa.testcases.BetPlacePageForTurbo5Test" tests="1" failures="0" timestamp="21 Jul 2021 15:42:13 GMT" time="39.650" errors="0">
  <testcase name="Turbo5BetSelection" time="39.650" classname="com.LottomaniaWeb.qa.testcases.BetPlacePageForTurbo5Test"/>
</testsuite> <!-- com.LottomaniaWeb.qa.testcases.BetPlacePageForTurbo5Test -->
