<?xml version="1.0" encoding="UTF-8"?>
<!-- Generated by org.testng.reporters.JUnitReportReporter -->
<testsuite hostname="akashd" name="com.LottomaniaWeb.qa.testcases.BetPlacePageTest" tests="2" failures="0" timestamp="23 Jun 2021 05:02:41 GMT" time="54.585" errors="0">
  <testcase name="Nap2BetSelection" time="23.548" classname="com.LottomaniaWeb.qa.testcases.BetPlacePageTest"/>
  <testcase name="Nap3BetSelection" time="31.037" classname="com.LottomaniaWeb.qa.testcases.BetPlacePageTest"/>
</testsuite> <!-- com.LottomaniaWeb.qa.testcases.BetPlacePageTest -->
