<?xml version="1.0" encoding="UTF-8"?>
<!-- Generated by org.testng.reporters.JUnitReportReporter -->
<testsuite hostname="akashd" name="com.LottomaniaWeb.qa.testcases.BetPlacePageForPermAgainstTest" tests="1" failures="0" timestamp="21 Jul 2021 15:42:13 GMT" time="61.106" errors="0">
  <testcase name="PermAgainstBetSelection" time="61.106" classname="com.LottomaniaWeb.qa.testcases.BetPlacePageForPermAgainstTest"/>
</testsuite> <!-- com.LottomaniaWeb.qa.testcases.BetPlacePageForPermAgainstTest -->
