<?xml version="1.0" encoding="UTF-8"?>
<!-- Generated by org.testng.reporters.JUnitReportReporter -->
<testsuite hostname="akashd" name="com.LottomaniaWeb.qa.testcases.BetPlacePageForFirstNumberTest" tests="1" failures="0" timestamp="21 Jul 2021 15:42:13 GMT" time="40.830" errors="0">
  <testcase name="FirstNumberBetSelection" time="40.830" classname="com.LottomaniaWeb.qa.testcases.BetPlacePageForFirstNumberTest"/>
</testsuite> <!-- com.LottomaniaWeb.qa.testcases.BetPlacePageForFirstNumberTest -->
