<?xml version="1.0" encoding="UTF-8"?>
<!-- Generated by org.testng.reporters.JUnitReportReporter -->
<testsuite hostname="akashd" name="com.LottomaniaWeb.qa.testcases.BetPlacePageForTurbo3Test" tests="1" failures="0" timestamp="21 Jul 2021 15:42:13 GMT" time="37.096" errors="0">
  <testcase name="Turbo2BetSelection" time="37.096" classname="com.LottomaniaWeb.qa.testcases.BetPlacePageForTurbo3Test"/>
</testsuite> <!-- com.LottomaniaWeb.qa.testcases.BetPlacePageForTurbo3Test -->
