<?xml version="1.0" encoding="UTF-8"?>
<!-- Generated by org.testng.reporters.JUnitReportReporter -->
<testsuite hostname="akashd" name="com.LottomaniaWeb.qa.testcases.BetPlacePageForPerm3Test" tests="2" failures="0" timestamp="21 Jul 2021 15:42:13 GMT" time="93.454" errors="0">
  <testcase name="Perm3BetSelectionMachine" time="42.713" classname="com.LottomaniaWeb.qa.testcases.BetPlacePageForPerm3Test"/>
  <testcase name="Perm3BetSelection" time="50.741" classname="com.LottomaniaWeb.qa.testcases.BetPlacePageForPerm3Test"/>
</testsuite> <!-- com.LottomaniaWeb.qa.testcases.BetPlacePageForPerm3Test -->
