<?xml version="1.0" encoding="UTF-8"?>
<!-- Generated by org.testng.reporters.JUnitReportReporter -->
<testsuite hostname="akashd" name="com.LottomaniaWeb.qa.testcases.BetPlacePageForExtra7Test" tests="1" failures="0" timestamp="21 Jul 2021 15:42:13 GMT" time="38.691" errors="0">
  <testcase name="Extra7BetSelection" time="38.691" classname="com.LottomaniaWeb.qa.testcases.BetPlacePageForExtra7Test"/>
</testsuite> <!-- com.LottomaniaWeb.qa.testcases.BetPlacePageForExtra7Test -->
