<?xml version="1.0" encoding="UTF-8"?>
<!-- Generated by org.testng.reporters.JUnitReportReporter -->
<testsuite hostname="akashd" name="com.LottomaniaWeb.qa.testcases.BetPlacePageForPerm2Test" tests="2" failures="0" timestamp="21 Jul 2021 15:42:13 GMT" time="115.408" errors="0">
  <testcase name="Perm2BetSelection" time="64.043" classname="com.LottomaniaWeb.qa.testcases.BetPlacePageForPerm2Test"/>
  <testcase name="Perm2BetSelection1" time="51.365" classname="com.LottomaniaWeb.qa.testcases.BetPlacePageForPerm2Test"/>
</testsuite> <!-- com.LottomaniaWeb.qa.testcases.BetPlacePageForPerm2Test -->
