<?xml version="1.0" encoding="UTF-8"?>
<!-- Generated by org.testng.reporters.JUnitReportReporter -->
<testsuite hostname="akashd" name="com.LottomaniaWeb.qa.testcases.LoginPageTest" tests="1" failures="0" timestamp="9 Jul 2021 11:39:43 GMT" time="11.441" errors="0">
  <testcase name="loginTest" time="11.441" classname="com.LottomaniaWeb.qa.testcases.LoginPageTest"/>
</testsuite> <!-- com.LottomaniaWeb.qa.testcases.LoginPageTest -->
