<?xml version="1.0" encoding="UTF-8"?>
<!-- Generated by org.testng.reporters.JUnitReportReporter -->
<testsuite hostname="akashd" name="com.LottomaniaWeb.qa.testcases.BetPlacePageForNap4Test" tests="1" failures="0" timestamp="23 Jun 2021 05:02:41 GMT" time="32.679" errors="0">
  <testcase name="Nap4BetSelection" time="32.679" classname="com.LottomaniaWeb.qa.testcases.BetPlacePageForNap4Test"/>
</testsuite> <!-- com.LottomaniaWeb.qa.testcases.BetPlacePageForNap4Test -->
