<?xml version="1.0" encoding="UTF-8"?>
<!-- Generated by org.testng.reporters.JUnitReportReporter -->
<testsuite hostname="akashd" name="com.LottomaniaWeb.qa.testcases.BetPlacePageForPerm2Test" tests="2" failures="0" timestamp="23 Jun 2021 05:02:41 GMT" time="66.421" errors="0">
  <testcase name="Perm2BetSelection" time="40.172" classname="com.LottomaniaWeb.qa.testcases.BetPlacePageForPerm2Test"/>
  <testcase name="Perm2BetSelection1" time="26.249" classname="com.LottomaniaWeb.qa.testcases.BetPlacePageForPerm2Test"/>
</testsuite> <!-- com.LottomaniaWeb.qa.testcases.BetPlacePageForPerm2Test -->
