<?xml version="1.0" encoding="UTF-8"?>
<!-- Generated by org.testng.reporters.JUnitReportReporter -->
<testsuite hostname="akashd" name="com.LottomaniaWeb.qa.testcases.BetPlacePageTest" tests="2" failures="0" timestamp="21 Jul 2021 15:42:13 GMT" time="128.352" errors="0">
  <testcase name="Nap2BetSelection" time="79.546" classname="com.LottomaniaWeb.qa.testcases.BetPlacePageTest"/>
  <testcase name="Nap3BetSelection" time="48.806" classname="com.LottomaniaWeb.qa.testcases.BetPlacePageTest"/>
</testsuite> <!-- com.LottomaniaWeb.qa.testcases.BetPlacePageTest -->
